<?xml version="1.0" encoding="UTF-8"?>
<!-- Generated by org.testng.reporters.JUnitReportReporter -->
<testsuite skipped="0" hostname="hp" name="org.test.Parellel" tests="3" failures="0" timestamp="29 Dec 2021 08:31:11 GMT" time="0.165" errors="0">
  <testcase name="tc3" time="0.005" classname="org.test.Parellel"/>
  <testcase name="tc2" time="0.086" classname="org.test.Parellel"/>
  <testcase name="tc1" time="0.074" classname="org.test.Parellel"/>
</testsuite> <!-- org.test.Parellel -->
