<?xml version="1.0" encoding="UTF-8"?>
<!-- Generated by org.testng.reporters.JUnitReportReporter -->
<testsuite skipped="0" hostname="hp" name="org.test.Parellel2" tests="3" failures="0" timestamp="29 Dec 2021 08:31:11 GMT" time="0.039" errors="0">
  <testcase name="tc100" time="0.004" classname="org.test.Parellel2"/>
  <testcase name="tc300" time="0.006" classname="org.test.Parellel2"/>
  <testcase name="tc200" time="0.029" classname="org.test.Parellel2"/>
</testsuite> <!-- org.test.Parellel2 -->
