<?xml version="1.0" encoding="UTF-8"?>
<!-- Generated by org.testng.reporters.JUnitReportReporter -->
<testsuite skipped="0" hostname="hp" name="org.test.Parallel3" tests="3" failures="0" timestamp="29 Dec 2021 08:31:11 GMT" time="0.250" errors="0">
  <testcase name="tc2000" time="0.086" classname="org.test.Parallel3"/>
  <testcase name="tc3000" time="0.077" classname="org.test.Parallel3"/>
  <testcase name="tc1000" time="0.087" classname="org.test.Parallel3"/>
</testsuite> <!-- org.test.Parallel3 -->
